\BOOKMARK [1][-]{section.1}{\376\377\000I\000n\000t\000r\000o\000d\000u\000c\000t\000i\000o\000n}{}% 1
\BOOKMARK [1][-]{section.2}{\376\377\000T\000h\000e\000\040\000H\000i\000s\000t\000o\000r\000i\000c\000a\000l\000\040\000A\000s\000s\000u\000m\000p\000t\000i\000o\000n\000s\000\040\000o\000f\000\040\000C\000l\000a\000s\000s\000i\000c\000a\000l\000\040\000N\000e\000t\000w\000o\000r\000k\000i\000n\000g}{}% 2
\BOOKMARK [1][-]{section.3}{\376\377\000T\000h\000e\000\040\000S\000e\000m\000a\000n\000t\000i\000c\000\040\000T\000u\000r\000n\000\040\000i\000n\000\040\000C\000i\000v\000i\000l\000i\000z\000a\000t\000i\000o\000n}{}% 3
\BOOKMARK [1][-]{section.4}{\376\377\000I\000n\000s\000t\000i\000t\000u\000t\000i\000o\000n\000a\000l\000\040\000R\000o\000u\000t\000i\000n\000g\000\040\000B\000e\000f\000o\000r\000e\000\040\000D\000i\000g\000i\000t\000a\000l\000\040\000R\000o\000u\000t\000i\000n\000g}{}% 4
\BOOKMARK [1][-]{section.5}{\376\377\000M\000e\000t\000a\000p\000h\000y\000s\000i\000c\000a\000l\000\040\000A\000u\000t\000h\000o\000r\000i\000t\000y\000\040\000a\000n\000d\000\040\000I\000n\000s\000t\000i\000t\000u\000t\000i\000o\000n\000a\000l\000\040\000L\000e\000g\000i\000b\000i\000l\000i\000t\000y}{}% 5
\BOOKMARK [1][-]{section.6}{\376\377\000O\000p\000e\000r\000a\000t\000i\000o\000n\000\040\000P\000a\000p\000e\000r\000c\000l\000i\000p\000\040\000a\000n\000d\000\040\000I\000n\000s\000t\000i\000t\000u\000t\000i\000o\000n\000a\000l\000\040\000C\000o\000n\000t\000i\000n\000u\000i\000t\000y}{}% 6
\BOOKMARK [1][-]{section.7}{\376\377\000C\000o\000s\000m\000o\000l\000o\000g\000y\000\040\000a\000s\000\040\000G\000o\000v\000e\000r\000n\000a\000n\000c\000e}{}% 7
\BOOKMARK [1][-]{section.8}{\376\377\000F\000r\000o\000m\000\040\000A\000d\000d\000r\000e\000s\000s\000i\000n\000g\000\040\000t\000o\000\040\000I\000n\000t\000e\000n\000t}{}% 8
\BOOKMARK [1][-]{section.9}{\376\377\000T\000h\000e\000\040\000M\000E\000M\000N\000E\000T\000\040\000S\000t\000a\000c\000k}{}% 9
\BOOKMARK [1][-]{section.10}{\376\377\000S\000e\000m\000a\000n\000t\000i\000c\000\040\000R\000o\000u\000t\000i\000n\000g\000\040\000a\000n\000d\000\040\000S\000a\000l\000i\000e\000n\000c\000e}{}% 10
\BOOKMARK [1][-]{section.11}{\376\377\000S\000a\000l\000i\000e\000n\000c\000e\000\040\000E\000c\000o\000n\000o\000m\000i\000e\000s\000\040\000a\000n\000d\000\040\000t\000h\000e\000\040\000P\000o\000l\000i\000t\000i\000c\000a\000l\000\040\000E\000c\000o\000n\000o\000m\000y\000\040\000o\000f\000\040\000A\000t\000t\000e\000n\000t\000i\000o\000n}{}% 11
\BOOKMARK [1][-]{section.12}{\376\377\000H\000i\000e\000r\000a\000r\000c\000h\000i\000c\000a\000l\000\040\000L\000o\000c\000a\000l\000i\000t\000y\000\040\000a\000n\000d\000\040\000S\000e\000m\000a\000n\000t\000i\000c\000\040\000C\000o\000m\000p\000r\000e\000s\000s\000i\000o\000n}{}% 12
\BOOKMARK [1][-]{section.13}{\376\377\000M\000u\000l\000t\000i\000-\000R\000o\000u\000t\000e\000\040\000I\000d\000e\000n\000t\000i\000t\000y\000\040\000a\000n\000d\000\040\000S\000e\000m\000a\000n\000t\000i\000c\000\040\000P\000e\000r\000s\000i\000s\000t\000e\000n\000c\000e}{}% 13
\BOOKMARK [1][-]{section.14}{\376\377\000T\000h\000e\000\040\000W\000a\000v\000e\000\040\000O\000n\000t\000o\000l\000o\000g\000y}{}% 14
\BOOKMARK [1][-]{section.15}{\376\377\000B\000i\000o\000l\000o\000g\000i\000c\000a\000l\000\040\000a\000n\000d\000\040\000C\000o\000g\000n\000i\000t\000i\000v\000e\000\040\000C\000o\000m\000p\000u\000t\000a\000t\000i\000o\000n}{}% 15
\BOOKMARK [1][-]{section.16}{\376\377\000T\000h\000e\000r\000m\000o\000d\000y\000n\000a\000m\000i\000c\000\040\000C\000o\000m\000p\000u\000t\000a\000t\000i\000o\000n\000\040\000a\000n\000d\000\040\000P\000r\000o\000b\000a\000b\000i\000l\000i\000s\000t\000i\000c\000\040\000I\000n\000f\000r\000a\000s\000t\000r\000u\000c\000t\000u\000r\000e}{}% 16
\BOOKMARK [1][-]{section.17}{\376\377\000S\000e\000m\000a\000n\000t\000i\000c\000\040\000G\000o\000v\000e\000r\000n\000a\000n\000c\000e\000\040\000a\000n\000d\000\040\000t\000h\000e\000\040\000C\000i\000v\000i\000l\000i\000z\000a\000t\000i\000o\000n\000a\000l\000\040\000S\000a\000l\000i\000e\000n\000c\000e\000\040\000E\000n\000g\000i\000n\000e}{}% 17
\BOOKMARK [1][-]{section.18}{\376\377\000S\000w\000a\000r\000m\000\040\000C\000o\000g\000n\000i\000t\000i\000o\000n\000\040\000a\000n\000d\000\040\000D\000i\000s\000t\000r\000i\000b\000u\000t\000e\000d\000\040\000A\000g\000e\000n\000c\000y}{}% 18
\BOOKMARK [1][-]{section.19}{\376\377\000T\000h\000e\000\040\000R\000i\000s\000k\000\040\000o\000f\000\040\000C\000e\000n\000t\000r\000a\000l\000i\000z\000e\000d\000\040\000S\000e\000m\000a\000n\000t\000i\000c\000\040\000R\000o\000u\000t\000i\000n\000g}{}% 19
\BOOKMARK [1][-]{section.20}{\376\377\000T\000o\000w\000a\000r\000d\000\040\000a\000\040\000D\000i\000s\000t\000r\000i\000b\000u\000t\000e\000d\000\040\000E\000p\000i\000s\000t\000e\000m\000i\000c\000\040\000A\000r\000c\000h\000i\000t\000e\000c\000t\000u\000r\000e}{}% 20
\BOOKMARK [1][-]{section.21}{\376\377\000C\000o\000n\000c\000l\000u\000s\000i\000o\000n}{}% 21
\BOOKMARK [1][-]{appendix.A}{\376\377\000A\000p\000p\000e\000n\000d\000i\000x\000\040\000A\000:\000\040\000C\000o\000n\000c\000e\000p\000t\000u\000a\000l\000\040\000G\000l\000o\000s\000s\000a\000r\000y}{}% 22
\BOOKMARK [2][-]{subsection.A.1}{\376\377\000S\000e\000m\000a\000n\000t\000i\000c\000\040\000R\000o\000u\000t\000i\000n\000g}{appendix.A}% 23
\BOOKMARK [2][-]{subsection.A.2}{\376\377\000S\000a\000l\000i\000e\000n\000c\000e}{appendix.A}% 24
\BOOKMARK [2][-]{subsection.A.3}{\376\377\000S\000e\000m\000a\000n\000t\000i\000c\000\040\000S\000o\000v\000e\000r\000e\000i\000g\000n\000t\000y}{appendix.A}% 25
\BOOKMARK [2][-]{subsection.A.4}{\376\377\000M\000e\000t\000a\000p\000h\000y\000s\000i\000c\000a\000l\000\040\000A\000u\000t\000h\000o\000r\000i\000t\000y}{appendix.A}% 26
\BOOKMARK [2][-]{subsection.A.5}{\376\377\000C\000i\000v\000i\000l\000i\000z\000a\000t\000i\000o\000n\000a\000l\000\040\000S\000a\000l\000i\000e\000n\000c\000e\000\040\000E\000n\000g\000i\000n\000e}{appendix.A}% 27
\BOOKMARK [2][-]{subsection.A.6}{\376\377\000S\000e\000m\000a\000n\000t\000i\000c\000\040\000L\000o\000c\000a\000l\000i\000t\000y\000\040\000C\000o\000m\000p\000r\000e\000s\000s\000i\000o\000n}{appendix.A}% 28
\BOOKMARK [2][-]{subsection.A.7}{\376\377\000M\000u\000l\000t\000i\000-\000R\000o\000u\000t\000e\000\040\000S\000e\000m\000a\000n\000t\000i\000c\000\040\000I\000d\000e\000n\000t\000i\000t\000y}{appendix.A}% 29
\BOOKMARK [2][-]{subsection.A.8}{\376\377\000W\000a\000v\000e\000\040\000O\000n\000t\000o\000l\000o\000g\000y}{appendix.A}% 30
\BOOKMARK [2][-]{subsection.A.9}{\376\377\000D\000i\000s\000t\000r\000i\000b\000u\000t\000e\000d\000\040\000E\000p\000i\000s\000t\000e\000m\000i\000c\000\040\000A\000r\000c\000h\000i\000t\000e\000c\000t\000u\000r\000e}{appendix.A}% 31
\BOOKMARK [2][-]{subsection.A.10}{\376\377\000O\000n\000t\000o\000l\000o\000g\000i\000c\000a\000l\000\040\000M\000o\000n\000o\000p\000o\000l\000y}{appendix.A}% 32
\BOOKMARK [1][-]{appendix.B}{\376\377\000A\000p\000p\000e\000n\000d\000i\000x\000\040\000B\000:\000\040\000T\000h\000e\000\040\000S\000e\000m\000a\000n\000t\000i\000c\000\040\000S\000t\000a\000t\000e\000\040\000a\000s\000\040\000H\000i\000s\000t\000o\000r\000i\000c\000a\000l\000\040\000T\000r\000a\000n\000s\000i\000t\000i\000o\000n}{}% 33
\BOOKMARK [1][-]{appendix.C}{\376\377\000A\000p\000p\000e\000n\000d\000i\000x\000\040\000C\000:\000\040\000M\000E\000M\000N\000E\000T\000\040\000a\000s\000\040\000C\000i\000v\000i\000l\000i\000z\000a\000t\000i\000o\000n\000a\000l\000\040\000P\000r\000o\000t\000o\000t\000y\000p\000e}{}% 34
\BOOKMARK [1][-]{appendix.D}{\376\377\000A\000p\000p\000e\000n\000d\000i\000x\000\040\000D\000:\000\040\000O\000p\000e\000n\000\040\000P\000r\000o\000b\000l\000e\000m\000s}{}% 35
\BOOKMARK [1][-]{appendix.E}{\376\377\000A\000p\000p\000e\000n\000d\000i\000x\000\040\000E\000:\000\040\000T\000o\000w\000a\000r\000d\000\040\000a\000\040\000P\000o\000s\000t\000-\000I\000n\000d\000u\000s\000t\000r\000i\000a\000l\000\040\000T\000h\000e\000o\000r\000y\000\040\000o\000f\000\040\000I\000n\000f\000r\000a\000s\000t\000r\000u\000c\000t\000u\000r\000e}{}% 36
\BOOKMARK [1][-]{appendix.F}{\376\377\000A\000p\000p\000e\000n\000d\000i\000x\000\040\000F\000:\000\040\000M\000a\000t\000h\000e\000m\000a\000t\000i\000c\000a\000l\000\040\000I\000n\000t\000u\000i\000t\000i\000o\000n\000s\000\040\000f\000o\000r\000\040\000S\000e\000m\000a\000n\000t\000i\000c\000\040\000R\000o\000u\000t\000i\000n\000g}{}% 37
\BOOKMARK [1][-]{appendix.G}{\376\377\000A\000p\000p\000e\000n\000d\000i\000x\000\040\000G\000:\000\040\000S\000e\000m\000a\000n\000t\000i\000c\000\040\000I\000n\000f\000r\000a\000s\000t\000r\000u\000c\000t\000u\000r\000e\000\040\000a\000n\000d\000\040\000A\000I\000-\000M\000e\000d\000i\000a\000t\000e\000d\000\040\000R\000e\000a\000l\000i\000t\000y}{}% 38
\BOOKMARK [1][-]{appendix.H}{\376\377\000A\000p\000p\000e\000n\000d\000i\000x\000\040\000H\000:\000\040\000T\000h\000e\000\040\000S\000e\000m\000a\000n\000t\000i\000c\000\040\000S\000t\000a\000t\000e\000\040\000a\000n\000d\000\040\000t\000h\000e\000\040\000T\000r\000a\000n\000s\000f\000o\000r\000m\000a\000t\000i\000o\000n\000\040\000o\000f\000\040\000W\000a\000r\000f\000a\000r\000e}{}% 39
