\BOOKMARK [0][-]{chapter*.1}{\376\377\000P\000r\000e\000f\000a\000t\000o\000r\000y\000\040\000N\000o\000t\000e}{}% 1
\BOOKMARK [0][-]{chapter*.2}{\376\377\000M\000e\000t\000h\000o\000d\000o\000l\000o\000g\000i\000c\000a\000l\000\040\000C\000o\000m\000m\000i\000t\000m\000e\000n\000t\000s}{}% 2
\BOOKMARK [-1][-]{part.1}{\376\377\000I\000\040\000T\000h\000e\000\040\000P\000r\000o\000b\000l\000e\000m\000\040\000o\000f\000\040\000T\000o\000p\000o\000l\000o\000g\000y}{}% 3
\BOOKMARK [0][-]{chapter.1}{\376\377\000T\000h\000e\000\040\000D\000i\000s\000t\000r\000i\000b\000u\000t\000e\000d\000\040\000M\000a\000n\000i\000f\000o\000l\000d\000\040\000P\000r\000o\000b\000l\000e\000m}{part.1}% 4
\BOOKMARK [1][-]{section.1.1}{\376\377\000W\000h\000y\000\040\000t\000h\000e\000\040\000C\000o\000r\000p\000u\000s\000\040\000E\000x\000i\000s\000t\000s\000\040\000i\000n\000\040\000t\000h\000e\000\040\000F\000o\000r\000m\000\040\000I\000t\000\040\000D\000o\000e\000s}{chapter.1}% 5
\BOOKMARK [1][-]{section.1.2}{\376\377\000L\000o\000c\000a\000l\000\040\000C\000o\000o\000r\000d\000i\000n\000a\000t\000e\000\040\000C\000h\000a\000r\000t\000s\000\040\000o\000v\000e\000r\000\040\000S\000h\000a\000r\000e\000d\000\040\000G\000e\000o\000m\000e\000t\000r\000y}{chapter.1}% 6
\BOOKMARK [1][-]{section.1.3}{\376\377\000T\000h\000e\000\040\000C\000o\000m\000p\000r\000e\000s\000s\000i\000o\000n\000\040\000P\000r\000o\000b\000l\000e\000m\000\040\000i\000n\000\040\000A\000c\000a\000d\000e\000m\000i\000c\000\040\000W\000r\000i\000t\000i\000n\000g}{chapter.1}% 7
\BOOKMARK [1][-]{section.1.4}{\376\377\000A\000d\000m\000i\000s\000s\000i\000b\000i\000l\000i\000t\000y\000\040\000a\000s\000\040\000t\000h\000e\000\040\000P\000r\000i\000m\000i\000t\000i\000v\000e\000\040\000O\000r\000g\000a\000n\000i\000z\000i\000n\000g\000\040\000C\000o\000n\000c\000e\000p\000t}{chapter.1}% 8
\BOOKMARK [0][-]{chapter.2}{\376\377\000C\000o\000r\000e\000\040\000V\000o\000c\000a\000b\000u\000l\000a\000r\000y}{part.1}% 9
\BOOKMARK [1][-]{section.2.1}{\376\377\000S\000t\000a\000t\000e\000\040\000S\000p\000a\000c\000e\000s\000\040\000a\000n\000d\000\040\000T\000r\000a\000j\000e\000c\000t\000o\000r\000y\000\040\000S\000e\000l\000e\000c\000t\000i\000o\000n}{chapter.2}% 10
\BOOKMARK [1][-]{section.2.2}{\376\377\000C\000o\000m\000p\000r\000e\000s\000s\000i\000o\000n\000,\000\040\000S\000p\000a\000r\000s\000i\000t\000y\000,\000\040\000a\000n\000d\000\040\000S\000t\000r\000u\000c\000t\000u\000r\000a\000l\000\040\000I\000n\000v\000a\000r\000i\000a\000n\000t\000s}{chapter.2}% 11
\BOOKMARK [1][-]{section.2.3}{\376\377\000R\000e\000c\000o\000n\000s\000t\000r\000u\000c\000t\000i\000o\000n\000\040\000a\000n\000d\000\040\000H\000a\000l\000l\000u\000c\000i\000n\000a\000t\000i\000o\000n}{chapter.2}% 12
\BOOKMARK [1][-]{section.2.4}{\376\377\000P\000r\000o\000v\000e\000n\000a\000n\000c\000e\000\040\000a\000n\000d\000\040\000t\000h\000e\000\040\000B\000o\000o\000t\000\040\000S\000e\000q\000u\000e\000n\000c\000e}{chapter.2}% 13
\BOOKMARK [1][-]{section.2.5}{\376\377\000T\000h\000e\000\040\000F\000o\000r\000m\000a\000l\000\040\000S\000u\000b\000s\000t\000r\000a\000t\000e\000s\000:\000\040\000R\000S\000V\000P\000,\000\040\000K\000E\000S\000,\000\040\000S\000p\000h\000e\000r\000e\000p\000o\000p}{chapter.2}% 14
\BOOKMARK [-1][-]{part.2}{\376\377\000I\000I\000\040\000C\000o\000g\000n\000i\000t\000i\000v\000e\000\040\000A\000r\000c\000h\000i\000t\000e\000c\000t\000u\000r\000e}{}% 15
\BOOKMARK [0][-]{chapter.3}{\376\377\000I\000n\000t\000e\000l\000l\000i\000g\000e\000n\000c\000e\000\040\000a\000s\000\040\000S\000c\000a\000f\000f\000o\000l\000d\000e\000d\000\040\000A\000m\000p\000l\000i\000f\000i\000c\000a\000t\000i\000o\000n}{part.2}% 16
\BOOKMARK [1][-]{section.3.1}{\376\377\000A\000g\000a\000i\000n\000s\000t\000\040\000t\000h\000e\000\040\000R\000e\000p\000l\000a\000c\000e\000m\000e\000n\000t\000\040\000N\000a\000r\000r\000a\000t\000i\000v\000e}{chapter.3}% 17
\BOOKMARK [1][-]{section.3.2}{\376\377\000E\000v\000o\000l\000u\000t\000i\000o\000n\000a\000r\000y\000\040\000C\000o\000n\000t\000i\000n\000u\000i\000t\000y\000\040\000a\000n\000d\000\040\000R\000e\000p\000r\000e\000s\000e\000n\000t\000a\000t\000i\000o\000n\000a\000l\000\040\000B\000r\000e\000a\000k\000t\000h\000r\000o\000u\000g\000h}{chapter.3}% 18
\BOOKMARK [1][-]{section.3.3}{\376\377\000C\000o\000m\000p\000r\000e\000s\000s\000i\000o\000n\000\040\000a\000s\000\040\000C\000o\000n\000s\000t\000i\000t\000u\000t\000i\000v\000e\000\040\000O\000p\000e\000r\000a\000t\000i\000o\000n}{chapter.3}% 19
\BOOKMARK [1][-]{section.3.4}{\376\377\000C\000o\000g\000n\000i\000t\000i\000v\000e\000\040\000G\000e\000o\000m\000e\000t\000r\000y\000\040\000a\000n\000d\000\040\000S\000p\000a\000t\000i\000a\000l\000\040\000N\000a\000v\000i\000g\000a\000b\000i\000l\000i\000t\000y}{chapter.3}% 20
\BOOKMARK [1][-]{section.3.5}{\376\377\000T\000h\000e\000\040\000S\000i\000n\000g\000u\000l\000a\000r\000i\000t\000y\000\040\000a\000s\000\040\000R\000e\000p\000r\000e\000s\000e\000n\000t\000a\000t\000i\000o\000n\000a\000l\000\040\000I\000n\000f\000r\000a\000s\000t\000r\000u\000c\000t\000u\000r\000e\000\040\000T\000r\000a\000n\000s\000i\000t\000i\000o\000n}{chapter.3}% 21
\BOOKMARK [1][-]{section.3.6}{\376\377\000I\000n\000f\000e\000r\000e\000n\000t\000i\000a\000l\000\040\000C\000o\000n\000t\000i\000n\000u\000i\000t\000y\000\040\000v\000e\000r\000s\000u\000s\000\040\000S\000y\000m\000b\000o\000l\000i\000c\000\040\000C\000o\000n\000t\000i\000n\000u\000i\000t\000y}{chapter.3}% 22
\BOOKMARK [0][-]{chapter.4}{\376\377\000T\000h\000e\000\040\000E\000l\000l\000u\000l\000\040\000C\000o\000n\000s\000t\000r\000a\000i\000n\000t}{part.2}% 23
\BOOKMARK [1][-]{section.4.1}{\376\377\000T\000e\000c\000h\000n\000i\000c\000a\000l\000\040\000S\000y\000s\000t\000e\000m\000s\000\040\000a\000n\000d\000\040\000t\000h\000e\000\040\000O\000p\000a\000c\000i\000t\000y\000\040\000P\000r\000o\000b\000l\000e\000m}{chapter.4}% 24
\BOOKMARK [1][-]{section.4.2}{\376\377\000P\000r\000o\000x\000y\000\040\000S\000t\000a\000b\000i\000l\000i\000z\000a\000t\000i\000o\000n\000\040\000a\000n\000d\000\040\000M\000e\000t\000r\000i\000c\000\040\000D\000r\000i\000f\000t}{chapter.4}% 25
\BOOKMARK [1][-]{section.4.3}{\376\377\000C\000o\000r\000r\000i\000g\000i\000b\000i\000l\000i\000t\000y\000,\000\040\000F\000e\000e\000d\000b\000a\000c\000k\000,\000\040\000a\000n\000d\000\040\000C\000o\000n\000s\000t\000r\000a\000i\000n\000t\000\040\000R\000e\000c\000o\000v\000e\000r\000y}{chapter.4}% 26
\BOOKMARK [1][-]{section.4.4}{\376\377\000C\000o\000g\000n\000i\000t\000i\000v\000e\000\040\000G\000e\000o\000m\000e\000t\000r\000y\000\040\000a\000s\000\040\000t\000h\000e\000\040\000D\000e\000s\000i\000g\000n\000\040\000R\000e\000s\000p\000o\000n\000s\000e}{chapter.4}% 27
\BOOKMARK [-1][-]{part.3}{\376\377\000I\000I\000I\000\040\000Y\000a\000r\000n\000c\000r\000a\000w\000l\000e\000r\000:\000\040\000S\000e\000l\000f\000-\000R\000e\000p\000a\000i\000r\000\040\000a\000s\000\040\000U\000n\000i\000v\000e\000r\000s\000a\000l\000\040\000P\000r\000i\000n\000c\000i\000p\000l\000e}{}% 28
\BOOKMARK [0][-]{chapter.5}{\376\377\000Y\000a\000r\000n\000c\000r\000a\000w\000l\000e\000r\000:\000\040\000T\000h\000e\000\040\000S\000e\000l\000f\000-\000R\000e\000f\000a\000c\000t\000o\000r\000i\000n\000g\000\040\000P\000o\000l\000y\000c\000o\000m\000p\000i\000l\000e\000r}{part.3}% 29
\BOOKMARK [1][-]{section.5.1}{\376\377\000T\000h\000e\000\040\000O\000p\000e\000r\000a\000t\000i\000v\000e\000\040\000M\000e\000t\000a\000p\000h\000o\000r\000\040\000a\000n\000d\000\040\000I\000t\000s\000\040\000F\000o\000r\000m\000a\000l\000\040\000C\000o\000n\000t\000e\000n\000t}{chapter.5}% 30
\BOOKMARK [1][-]{section.5.2}{\376\377\000T\000h\000e\000\040\000S\000e\000v\000e\000n\000\040\000S\000w\000a\000r\000m\000-\000C\000a\000r\000e\000\040\000A\000x\000i\000o\000m\000s}{chapter.5}% 31
\BOOKMARK [1][-]{section.5.3}{\376\377\000F\000o\000r\000m\000a\000l\000\040\000D\000e\000f\000i\000n\000i\000t\000i\000o\000n}{chapter.5}% 32
\BOOKMARK [1][-]{section.5.4}{\376\377\000T\000h\000e\000\040\000Y\000a\000r\000n\000c\000r\000a\000w\000l\000e\000r\000\040\000a\000s\000\040\000a\000\040\000L\000a\000x\000\040\000M\000o\000n\000o\000i\000d\000a\000l\000\040\000F\000u\000n\000c\000t\000o\000r}{chapter.5}% 33
\BOOKMARK [1][-]{section.5.5}{\376\377\000H\000o\000m\000e\000o\000r\000h\000e\000t\000i\000c\000\040\000V\000i\000a\000b\000i\000l\000i\000t\000y}{chapter.5}% 34
\BOOKMARK [0][-]{chapter.6}{\376\377\000S\000h\000e\000a\000f\000-\000T\000h\000e\000o\000r\000e\000t\000i\000c\000\040\000F\000o\000u\000n\000d\000a\000t\000i\000o\000n\000s\000\040\000o\000f\000\040\000S\000e\000m\000a\000n\000t\000i\000c\000\040\000R\000e\000p\000a\000i\000r}{part.3}% 35
\BOOKMARK [1][-]{section.6.1}{\376\377\000S\000e\000m\000a\000n\000t\000i\000c\000\040\000S\000p\000a\000c\000e\000\040\000a\000n\000d\000\040\000C\000o\000v\000e\000r\000s}{chapter.6}% 36
\BOOKMARK [1][-]{section.6.2}{\376\377\000T\000h\000e\000\040\000S\000h\000e\000a\000f\000\040\000C\000o\000n\000d\000i\000t\000i\000o\000n\000\040\000a\000n\000d\000\040\000S\000e\000m\000a\000n\000t\000i\000c\000\040\000R\000e\000p\000a\000i\000r}{chapter.6}% 37
\BOOKMARK [1][-]{section.6.3}{\376\377\000C\000o\000h\000o\000m\000o\000l\000o\000g\000y\000\040\000a\000s\000\040\000S\000e\000m\000a\000n\000t\000i\000c\000\040\000E\000n\000t\000r\000o\000p\000y}{chapter.6}% 38
\BOOKMARK [1][-]{section.6.4}{\376\377\000T\000h\000e\000\040\000S\000t\000i\000g\000m\000e\000r\000g\000i\000c\000\040\000R\000e\000p\000a\000i\000r\000\040\000C\000l\000o\000s\000u\000r\000e\000\040\000T\000h\000e\000o\000r\000e\000m}{chapter.6}% 39
\BOOKMARK [1][-]{section.6.5}{\376\377\000S\000e\000l\000f\000-\000M\000a\000i\000n\000t\000a\000i\000n\000i\000n\000g\000\040\000G\000r\000o\000w\000t\000h\000\040\000u\000n\000d\000e\000r\000\040\000S\000t\000i\000g\000m\000e\000r\000g\000i\000c\000\040\000F\000e\000e\000d\000b\000a\000c\000k}{chapter.6}% 40
\BOOKMARK [1][-]{section.6.6}{\376\377\000E\000c\000o\000l\000o\000g\000i\000c\000a\000l\000\040\000a\000n\000d\000\040\000C\000u\000l\000t\000u\000r\000a\000l\000\040\000I\000n\000s\000t\000a\000n\000t\000i\000a\000t\000i\000o\000n\000s}{chapter.6}% 41
\BOOKMARK [0][-]{chapter.7}{\376\377\000E\000c\000o\000l\000o\000g\000i\000c\000a\000l\000,\000\040\000C\000u\000l\000t\000u\000r\000a\000l\000,\000\040\000a\000n\000d\000\040\000C\000o\000m\000p\000u\000t\000a\000t\000i\000o\000n\000a\000l\000\040\000P\000r\000o\000j\000e\000c\000t\000i\000o\000n\000s}{part.3}% 42
\BOOKMARK [1][-]{section.7.1}{\376\377\000T\000h\000e\000\040\000S\000p\000e\000c\000t\000r\000u\000m\000\040\000f\000r\000o\000m\000\040\000S\000q\000u\000i\000r\000r\000e\000l\000\040\000t\000o\000\040\000L\000a\000n\000g\000u\000a\000g\000e\000\040\000M\000o\000d\000e\000l}{chapter.7}% 43
\BOOKMARK [1][-]{section.7.2}{\376\377\000E\000c\000o\000l\000o\000g\000i\000c\000a\000l\000\040\000Y\000a\000r\000n\000c\000r\000a\000w\000l\000e\000r\000s}{chapter.7}% 44
\BOOKMARK [1][-]{section.7.3}{\376\377\000C\000u\000l\000t\000u\000r\000a\000l\000\040\000Y\000a\000r\000n\000c\000r\000a\000w\000l\000e\000r\000s}{chapter.7}% 45
\BOOKMARK [1][-]{section.7.4}{\376\377\000A\000r\000t\000i\000f\000i\000c\000i\000a\000l\000\040\000Y\000a\000r\000n\000c\000r\000a\000w\000l\000e\000r\000s}{chapter.7}% 46
\BOOKMARK [1][-]{section.7.5}{\376\377\000T\000h\000e\000\040\000C\000l\000i\000m\000a\000t\000e\000\040\000R\000e\000s\000p\000o\000n\000s\000e\000\040\000a\000s\000\040\000W\000o\000r\000k\000e\000d\000\040\000E\000x\000a\000m\000p\000l\000e}{chapter.7}% 47
\BOOKMARK [1][-]{section.7.6}{\376\377\000F\000o\000r\000e\000s\000t\000s\000\040\000a\000s\000\040\000D\000i\000s\000t\000r\000i\000b\000u\000t\000e\000d\000\040\000C\000o\000n\000s\000t\000r\000a\000i\000n\000t\000\040\000N\000e\000t\000w\000o\000r\000k\000s}{chapter.7}% 48
\BOOKMARK [2][-]{subsection.7.6.1}{\376\377\000K\000i\000n\000\040\000R\000e\000c\000o\000g\000n\000i\000t\000i\000o\000n\000\040\000a\000s\000\040\000C\000o\000n\000s\000t\000r\000a\000i\000n\000t\000\040\000C\000o\000m\000p\000a\000t\000i\000b\000i\000l\000i\000t\000y}{section.7.6}% 49
\BOOKMARK [2][-]{subsection.7.6.2}{\376\377\000M\000y\000c\000o\000r\000r\000h\000i\000z\000a\000l\000\040\000N\000e\000t\000w\000o\000r\000k\000s\000\040\000a\000s\000\040\000E\000c\000o\000l\000o\000g\000i\000c\000a\000l\000\040\000R\000o\000u\000t\000i\000n\000g\000\040\000S\000t\000r\000u\000c\000t\000u\000r\000e\000s}{section.7.6}% 50
\BOOKMARK [2][-]{subsection.7.6.3}{\376\377\000P\000r\000e\000f\000e\000r\000e\000n\000t\000i\000a\000l\000\040\000A\000l\000l\000o\000c\000a\000t\000i\000o\000n\000\040\000a\000n\000d\000\040\000D\000e\000v\000e\000l\000o\000p\000m\000e\000n\000t\000a\000l\000\040\000S\000t\000a\000b\000i\000l\000i\000z\000a\000t\000i\000o\000n}{section.7.6}% 51
\BOOKMARK [2][-]{subsection.7.6.4}{\376\377\000E\000c\000o\000l\000o\000g\000i\000c\000a\000l\000\040\000M\000e\000m\000o\000r\000y\000\040\000a\000n\000d\000\040\000S\000t\000r\000u\000c\000t\000u\000r\000a\000l\000\040\000R\000e\000s\000i\000d\000u\000e}{section.7.6}% 52
\BOOKMARK [-1][-]{part.4}{\376\377\000I\000V\000\040\000O\000p\000e\000r\000a\000t\000i\000o\000n\000a\000l\000\040\000P\000r\000o\000j\000e\000c\000t\000i\000o\000n\000s}{}% 53
\BOOKMARK [0][-]{chapter.8}{\376\377\000C\000o\000s\000m\000o\000l\000o\000g\000i\000c\000a\000l\000\040\000P\000r\000o\000j\000e\000c\000t\000i\000o\000n\000:\000\040\000R\000S\000V\000P\000\040\000a\000n\000d\000\040\000t\000h\000e\000\040\000P\000e\000r\000s\000i\000s\000t\000e\000n\000c\000e\000\040\000o\000f\000\040\000S\000t\000r\000u\000c\000t\000u\000r\000e}{part.4}% 54
\BOOKMARK [1][-]{section.8.1}{\376\377\000A\000g\000a\000i\000n\000s\000t\000\040\000t\000h\000e\000\040\000B\000l\000o\000c\000k\000\040\000U\000n\000i\000v\000e\000r\000s\000e}{chapter.8}% 55
\BOOKMARK [1][-]{section.8.2}{\376\377\000T\000h\000e\000\040\000R\000S\000V\000P\000\040\000L\000a\000g\000r\000a\000n\000g\000i\000a\000n\000\040\000a\000n\000d\000\040\000A\000d\000m\000i\000s\000s\000i\000b\000i\000l\000i\000t\000y\000\040\000G\000e\000o\000m\000e\000t\000r\000y}{chapter.8}% 56
\BOOKMARK [1][-]{section.8.3}{\376\377\000P\000e\000r\000s\000i\000s\000t\000e\000n\000c\000e\000,\000\040\000R\000e\000s\000i\000d\000u\000e\000,\000\040\000a\000n\000d\000\040\000S\000t\000r\000u\000c\000t\000u\000r\000a\000l\000\040\000M\000e\000m\000o\000r\000y}{chapter.8}% 57
\BOOKMARK [0][-]{chapter.9}{\376\377\000S\000o\000c\000i\000a\000l\000\040\000a\000n\000d\000\040\000I\000n\000s\000t\000i\000t\000u\000t\000i\000o\000n\000a\000l\000\040\000P\000r\000o\000j\000e\000c\000t\000i\000o\000n}{part.4}% 58
\BOOKMARK [1][-]{section.9.1}{\376\377\000P\000l\000a\000t\000f\000o\000r\000m\000\040\000A\000r\000c\000h\000i\000t\000e\000c\000t\000u\000r\000e\000s\000\040\000a\000s\000\040\000C\000o\000n\000s\000t\000r\000a\000i\000n\000e\000d\000\040\000T\000r\000a\000j\000e\000c\000t\000o\000r\000y\000\040\000S\000y\000s\000t\000e\000m\000s}{chapter.9}% 59
\BOOKMARK [1][-]{section.9.2}{\376\377\000C\000l\000i\000p\000\040\000E\000c\000o\000n\000o\000m\000i\000e\000s\000\040\000a\000n\000d\000\040\000P\000r\000o\000v\000e\000n\000a\000n\000c\000e\000\040\000E\000r\000a\000s\000u\000r\000e}{chapter.9}% 60
\BOOKMARK [1][-]{section.9.3}{\376\377\000O\000b\000s\000t\000r\000u\000c\000t\000i\000o\000n\000\040\000C\000o\000h\000o\000m\000o\000l\000o\000g\000y\000\040\000a\000n\000d\000\040\000I\000n\000s\000t\000i\000t\000u\000t\000i\000o\000n\000a\000l\000\040\000F\000a\000i\000l\000u\000r\000e}{chapter.9}% 61
\BOOKMARK [1][-]{section.9.4}{\376\377\000L\000a\000b\000o\000r\000\040\000M\000a\000r\000k\000e\000t\000s\000\040\000a\000s\000\040\000F\000i\000e\000l\000d\000\040\000S\000y\000s\000t\000e\000m\000s}{chapter.9}% 62
\BOOKMARK [1][-]{section.9.5}{\376\377\000R\000e\000c\000u\000r\000s\000i\000v\000e\000\040\000P\000r\000o\000d\000u\000c\000t\000i\000v\000i\000t\000y\000\040\000E\000s\000c\000a\000l\000a\000t\000i\000o\000n\000\040\000a\000n\000d\000\040\000t\000h\000e\000\040\000C\000o\000m\000p\000r\000e\000s\000s\000i\000o\000n\000\040\000I\000l\000l\000u\000s\000i\000o\000n}{chapter.9}% 63
\BOOKMARK [2][-]{subsection.9.5.1}{\376\377\000T\000h\000e\000\040\000E\000p\000i\000s\000t\000e\000m\000i\000c\000\040\000I\000n\000v\000e\000r\000s\000i\000o\000n}{section.9.5}% 64
\BOOKMARK [2][-]{subsection.9.5.2}{\376\377\000P\000r\000o\000f\000e\000s\000s\000i\000o\000n\000a\000l\000\040\000I\000d\000e\000n\000t\000i\000t\000y\000\040\000a\000n\000d\000\040\000O\000c\000c\000u\000p\000a\000t\000i\000o\000n\000a\000l\000\040\000T\000r\000a\000j\000e\000c\000t\000o\000r\000y}{section.9.5}% 65
\BOOKMARK [2][-]{subsection.9.5.3}{\376\377\000S\000y\000s\000t\000e\000m\000i\000c\000\040\000C\000o\000m\000p\000l\000e\000x\000i\000t\000y\000\040\000G\000r\000o\000w\000t\000h}{section.9.5}% 66
\BOOKMARK [0][-]{chapter.10}{\376\377\000C\000o\000m\000p\000u\000t\000a\000t\000i\000o\000n\000a\000l\000\040\000P\000r\000o\000j\000e\000c\000t\000i\000o\000n\000:\000\040\000K\000E\000S\000,\000\040\000S\000p\000h\000e\000r\000e\000p\000o\000p\000,\000\040\000a\000n\000d\000\040\000I\000r\000r\000e\000v\000e\000r\000s\000i\000b\000l\000e\000\040\000E\000v\000e\000n\000t\000\040\000C\000a\000l\000c\000u\000l\000i}{part.4}% 67
\BOOKMARK [1][-]{section.10.1}{\376\377\000T\000h\000e\000\040\000K\000E\000S\000\040\000M\000a\000p\000\040\000a\000s\000\040\000C\000o\000g\000n\000i\000t\000i\000v\000e\000\040\000A\000r\000c\000h\000i\000t\000e\000c\000t\000u\000r\000e}{chapter.10}% 68
\BOOKMARK [1][-]{section.10.2}{\376\377\000S\000p\000h\000e\000r\000e\000p\000o\000p\000\040\000O\000p\000e\000r\000a\000t\000o\000r\000s\000\040\000i\000n\000\040\000P\000r\000a\000c\000t\000i\000c\000e}{chapter.10}% 69
\BOOKMARK [1][-]{section.10.3}{\376\377\000T\000A\000R\000T\000A\000N\000\040\000a\000n\000d\000\040\000T\000r\000a\000j\000e\000c\000t\000o\000r\000y\000-\000A\000w\000a\000r\000e\000\040\000T\000i\000l\000i\000n\000g}{chapter.10}% 70
\BOOKMARK [1][-]{section.10.4}{\376\377\000G\000e\000s\000t\000u\000r\000e\000-\000F\000i\000r\000s\000t\000\040\000S\000y\000m\000b\000o\000l\000i\000c\000\040\000G\000r\000o\000u\000n\000d\000i\000n\000g}{chapter.10}% 71
\BOOKMARK [2][-]{subsection.10.4.1}{\376\377\000G\000e\000s\000t\000u\000r\000e\000\040\000B\000e\000f\000o\000r\000e\000\040\000S\000y\000m\000b\000o\000l}{section.10.4}% 72
\BOOKMARK [2][-]{subsection.10.4.2}{\376\377\000T\000h\000e\000\040\000L\000a\000b\000e\000l\000\040\000S\000e\000t\000\040\000a\000s\000\040\000P\000r\000a\000g\000m\000a\000t\000i\000c\000\040\000P\000r\000i\000m\000i\000t\000i\000v\000e}{section.10.4}% 73
\BOOKMARK [2][-]{subsection.10.4.3}{\376\377\000T\000r\000a\000n\000s\000f\000e\000r\000\040\000L\000e\000a\000r\000n\000i\000n\000g\000\040\000a\000s\000\040\000B\000o\000o\000t\000\040\000S\000e\000q\000u\000e\000n\000c\000e}{section.10.4}% 74
\BOOKMARK [1][-]{section.10.5}{\376\377\000T\000e\000m\000p\000o\000r\000a\000l\000\040\000S\000a\000l\000i\000e\000n\000c\000e\000\040\000a\000n\000d\000\040\000S\000p\000a\000r\000s\000e\000\040\000Q\000u\000a\000l\000i\000f\000i\000c\000a\000t\000i\000o\000n}{chapter.10}% 75
\BOOKMARK [2][-]{subsection.10.5.1}{\376\377\000T\000e\000m\000p\000o\000r\000a\000l\000\040\000Q\000u\000a\000l\000i\000f\000i\000c\000a\000t\000i\000o\000n\000\040\000B\000e\000f\000o\000r\000e\000\040\000S\000p\000e\000c\000t\000r\000a\000l\000\040\000R\000e\000c\000o\000n\000s\000t\000r\000u\000c\000t\000i\000o\000n}{section.10.5}% 76
\BOOKMARK [2][-]{subsection.10.5.2}{\376\377\000F\000o\000r\000m\000a\000l\000\040\000S\000p\000e\000c\000i\000f\000i\000c\000a\000t\000i\000o\000n}{section.10.5}% 77
\BOOKMARK [2][-]{subsection.10.5.3}{\376\377\000T\000e\000m\000p\000o\000r\000a\000l\000\040\000R\000e\000s\000i\000d\000u\000e\000\040\000a\000n\000d\000\040\000A\000t\000t\000e\000n\000t\000i\000o\000n\000a\000l\000\040\000G\000a\000t\000i\000n\000g}{section.10.5}% 78
\BOOKMARK [-1][-]{part.5}{\376\377\000V\000\040\000M\000e\000t\000h\000o\000d\000\040\000a\000s\000\040\000C\000o\000n\000s\000e\000q\000u\000e\000n\000c\000e}{}% 79
\BOOKMARK [0][-]{chapter.11}{\376\377\000W\000h\000y\000\040\000t\000h\000e\000\040\000T\000e\000x\000t\000\040\000I\000s\000\040\000W\000r\000i\000t\000t\000e\000n\000\040\000T\000h\000i\000s\000\040\000W\000a\000y}{part.5}% 80
\BOOKMARK [1][-]{section.11.1}{\376\377\000W\000r\000i\000t\000i\000n\000g\000\040\000S\000t\000y\000l\000e\000\040\000a\000s\000\040\000M\000e\000c\000h\000a\000n\000i\000s\000t\000i\000c\000\040\000C\000o\000n\000s\000e\000q\000u\000e\000n\000c\000e}{chapter.11}% 81
\BOOKMARK [1][-]{section.11.2}{\376\377\000A\000g\000a\000i\000n\000s\000t\000\040\000D\000i\000s\000c\000i\000p\000l\000i\000n\000a\000r\000y\000\040\000C\000o\000m\000p\000r\000e\000s\000s\000i\000o\000n}{chapter.11}% 82
\BOOKMARK [1][-]{section.11.3}{\376\377\000T\000h\000e\000\040\000C\000l\000a\000i\000m\000-\000S\000t\000a\000t\000u\000s\000\040\000S\000y\000s\000t\000e\000m\000\040\000a\000s\000\040\000E\000p\000i\000s\000t\000e\000m\000i\000c\000\040\000H\000y\000g\000i\000e\000n\000e}{chapter.11}% 83
\BOOKMARK [1][-]{section.11.4}{\376\377\000M\000e\000m\000o\000r\000y\000,\000\040\000C\000o\000n\000t\000i\000n\000u\000i\000t\000y\000,\000\040\000a\000n\000d\000\040\000S\000y\000n\000t\000h\000e\000t\000i\000c\000\040\000C\000o\000h\000e\000r\000e\000n\000c\000e}{chapter.11}% 84
\BOOKMARK [0][-]{chapter.12}{\376\377\000I\000d\000e\000n\000t\000i\000t\000y\000,\000\040\000B\000o\000o\000t\000s\000t\000r\000a\000p\000p\000i\000n\000g\000,\000\040\000a\000n\000d\000\040\000P\000e\000r\000s\000i\000s\000t\000e\000n\000t\000\040\000P\000r\000o\000c\000e\000s\000s}{part.5}% 85
\BOOKMARK [1][-]{section.12.1}{\376\377\000T\000h\000e\000\040\000S\000e\000l\000f\000\040\000a\000s\000\040\000R\000e\000p\000e\000a\000t\000e\000d\000\040\000R\000e\000c\000o\000n\000s\000t\000r\000u\000c\000t\000i\000o\000n}{chapter.12}% 86
\BOOKMARK [1][-]{section.12.2}{\376\377\000C\000o\000m\000p\000u\000t\000a\000t\000i\000o\000n\000a\000l\000\040\000B\000o\000o\000t\000s\000t\000r\000a\000p\000p\000i\000n\000g\000\040\000a\000s\000\040\000P\000h\000i\000l\000o\000s\000o\000p\000h\000i\000c\000a\000l\000\040\000M\000o\000d\000e\000l}{chapter.12}% 87
\BOOKMARK [1][-]{section.12.3}{\376\377\000P\000e\000r\000s\000i\000s\000t\000e\000n\000c\000e\000\040\000a\000s\000\040\000A\000c\000t\000i\000v\000e\000\040\000M\000a\000i\000n\000t\000e\000n\000a\000n\000c\000e}{chapter.12}% 88
\BOOKMARK [1][-]{section.12.4}{\376\377\000S\000e\000m\000a\000n\000t\000i\000c\000,\000\040\000E\000p\000i\000s\000o\000d\000i\000c\000,\000\040\000a\000n\000d\000\040\000P\000r\000o\000c\000e\000d\000u\000r\000a\000l\000\040\000M\000e\000m\000o\000r\000y\000\040\000a\000s\000\040\000B\000o\000o\000t\000\040\000L\000a\000y\000e\000r\000s}{chapter.12}% 89
\BOOKMARK [2][-]{subsection.12.4.1}{\376\377\000P\000r\000o\000c\000e\000d\000u\000r\000a\000l\000\040\000M\000e\000m\000o\000r\000y\000\040\000a\000s\000\040\000D\000y\000n\000a\000m\000i\000c\000\040\000A\000d\000m\000i\000s\000s\000i\000b\000i\000l\000i\000t\000y\000\040\000R\000e\000v\000i\000s\000i\000o\000n}{section.12.4}% 90
\BOOKMARK [2][-]{subsection.12.4.2}{\376\377\000T\000h\000e\000\040\000P\000r\000o\000v\000e\000n\000a\000n\000c\000e\000\040\000P\000r\000o\000b\000l\000e\000m\000\040\000i\000n\000\040\000P\000r\000o\000c\000e\000d\000u\000r\000a\000l\000\040\000U\000p\000d\000a\000t\000e\000s}{section.12.4}% 91
\BOOKMARK [0][-]{chapter.13}{\376\377\000E\000m\000e\000r\000g\000e\000n\000t\000\040\000D\000i\000r\000e\000c\000t\000e\000d\000n\000e\000s\000s\000\040\000W\000i\000t\000h\000o\000u\000t\000\040\000I\000n\000s\000c\000r\000i\000b\000e\000d\000\040\000T\000e\000l\000e\000o\000l\000o\000g\000y}{part.5}% 92
\BOOKMARK [1][-]{section.13.1}{\376\377\000T\000h\000e\000\040\000J\000u\000a\000r\000r\000e\000r\000o\040\023\000D\000e\000a\000c\000o\000n\000\040\000D\000i\000s\000t\000i\000n\000c\000t\000i\000o\000n}{chapter.13}% 93
\BOOKMARK [1][-]{section.13.2}{\376\377\000T\000h\000e\000\040\000U\000n\000i\000f\000i\000e\000d\000\040\000A\000r\000c\000h\000i\000t\000e\000c\000t\000u\000r\000e\000\040\000R\000e\000s\000t\000a\000t\000e\000d}{chapter.13}% 94
\BOOKMARK [1][-]{section.13.3}{\376\377\000A\000g\000a\000i\000n\000s\000t\000\040\000B\000o\000t\000h\000\040\000E\000x\000t\000r\000e\000m\000e\000s\000:\000\040\000D\000e\000t\000e\000r\000m\000i\000n\000i\000s\000m\000\040\000a\000n\000d\000\040\000P\000u\000r\000e\000\040\000S\000t\000o\000c\000h\000a\000s\000t\000i\000c\000i\000t\000y}{chapter.13}% 95
\BOOKMARK [1][-]{section.13.4}{\376\377\000I\000m\000p\000l\000i\000c\000a\000t\000i\000o\000n\000s\000\040\000a\000n\000d\000\040\000O\000p\000e\000n\000\040\000T\000r\000a\000j\000e\000c\000t\000o\000r\000i\000e\000s}{chapter.13}% 96
\BOOKMARK [1][-]{section.13.5}{\376\377\000T\000h\000e\000\040\000R\000e\000m\000a\000i\000n\000i\000n\000g\000\040\000C\000h\000a\000l\000l\000e\000n\000g\000e}{chapter.13}% 97
\BOOKMARK [0][-]{chapter*.3}{\376\377\000F\000o\000r\000m\000a\000l\000\040\000S\000p\000e\000c\000i\000f\000i\000c\000a\000t\000i\000o\000n\000\040\000o\000f\000\040\000t\000h\000e\000\040\000R\000S\000V\000P\000\040\000F\000i\000e\000l\000d\000\040\000S\000y\000s\000t\000e\000m}{part.5}% 98
\BOOKMARK [1][-]{section.13.6}{\376\377\000F\000i\000e\000l\000d\000\040\000D\000e\000f\000i\000n\000i\000t\000i\000o\000n\000s}{chapter*.3}% 99
\BOOKMARK [1][-]{section.13.7}{\376\377\000T\000h\000e\000\040\000S\000e\000v\000e\000n\000\040\000A\000x\000i\000o\000m\000s}{chapter*.3}% 100
\BOOKMARK [1][-]{section.13.8}{\376\377\000T\000h\000e\000\040\000L\000a\000g\000r\000a\000n\000g\000i\000a\000n\000\040\000S\000t\000r\000u\000c\000t\000u\000r\000e}{chapter*.3}% 101
\BOOKMARK [1][-]{section.13.9}{\376\377\000C\000o\000s\000m\000o\000l\000o\000g\000i\000c\000a\000l\000\040\000A\000p\000p\000l\000i\000c\000a\000t\000i\000o\000n}{chapter*.3}% 102
\BOOKMARK [1][-]{section.13.10}{\376\377\000D\000e\000r\000i\000v\000e\000d\000\040\000S\000t\000a\000c\000k\000s\000\040\000a\000n\000d\000\040\000t\000h\000e\000\040\000F\000o\000u\000r\000\040\000P\000r\000o\000j\000e\000c\000t\000i\000o\000n\000\040\000M\000o\000d\000e\000s}{chapter*.3}% 103
\BOOKMARK [0][-]{chapter*.4}{\376\377\000T\000h\000e\000\040\000K\000E\000S\000\040\000M\000a\000p\000:\000\040\000F\000o\000r\000m\000a\000l\000\040\000S\000p\000e\000c\000i\000f\000i\000c\000a\000t\000i\000o\000n\000\040\000a\000n\000d\000\040\000C\000o\000n\000v\000e\000r\000g\000e\000n\000c\000e\000\040\000C\000o\000n\000d\000i\000t\000i\000o\000n\000s}{part.5}% 104
\BOOKMARK [1][-]{section.13.11}{\376\377\000W\000o\000r\000l\000d\000-\000S\000t\000a\000t\000e\000s\000\040\000a\000n\000d\000\040\000H\000y\000p\000o\000t\000h\000e\000s\000i\000s\000\040\000S\000p\000a\000c\000e\000s}{chapter*.4}% 105
\BOOKMARK [1][-]{section.13.12}{\376\377\000T\000h\000e\000\040\000K\000E\000S\000\040\000A\000l\000g\000o\000r\000i\000t\000h\000m}{chapter*.4}% 106
\BOOKMARK [1][-]{section.13.13}{\376\377\000C\000o\000n\000v\000e\000r\000g\000e\000n\000c\000e\000\040\000C\000o\000n\000d\000i\000t\000i\000o\000n\000s}{chapter*.4}% 107
\BOOKMARK [1][-]{section.13.14}{\376\377\000R\000e\000l\000a\000t\000i\000o\000n\000s\000h\000i\000p\000\040\000t\000o\000\040\000S\000p\000h\000e\000r\000e\000p\000o\000p}{chapter*.4}% 108
\BOOKMARK [1][-]{section.13.15}{\376\377\000R\000e\000l\000a\000t\000i\000o\000n\000s\000h\000i\000p\000\040\000t\000o\000\040\000t\000h\000e\000\040\000R\000S\000V\000P\000\040\000F\000i\000e\000l\000d\000s}{chapter*.4}% 109
\BOOKMARK [0][-]{chapter*.5}{\376\377\000S\000p\000h\000e\000r\000e\000p\000o\000p\000:\000\040\000O\000p\000e\000r\000a\000t\000o\000r\000\040\000S\000e\000m\000a\000n\000t\000i\000c\000s\000\040\000a\000n\000d\000\040\000W\000o\000r\000k\000e\000d\000\040\000E\000x\000a\000m\000p\000l\000e\000s}{part.5}% 110
\BOOKMARK [1][-]{section.13.16}{\376\377\000T\000h\000e\000\040\000P\000o\000s\000s\000i\000b\000i\000l\000i\000t\000y\000\040\000S\000p\000a\000c\000e}{chapter*.5}% 111
\BOOKMARK [1][-]{section.13.17}{\376\377\000T\000h\000e\000\040\000F\000o\000u\000r\000\040\000O\000p\000e\000r\000a\000t\000o\000r\000s}{chapter*.5}% 112
\BOOKMARK [1][-]{section.13.18}{\376\377\000C\000o\000m\000p\000o\000s\000i\000t\000i\000o\000n\000\040\000R\000u\000l\000e\000s}{chapter*.5}% 113
\BOOKMARK [1][-]{section.13.19}{\376\377\000T\000h\000e\000\040\000B\000o\000n\000e\000\040\000M\000a\000t\000r\000i\000x\000\040\000C\000o\000r\000r\000e\000s\000p\000o\000n\000d\000e\000n\000c\000e}{chapter*.5}% 114
\BOOKMARK [0][-]{chapter*.6}{\376\377\000T\000A\000R\000T\000A\000N\000:\000\040\000T\000r\000a\000j\000e\000c\000t\000o\000r\000y\000-\000A\000w\000a\000r\000e\000\040\000R\000e\000c\000u\000r\000s\000i\000v\000e\000\040\000T\000i\000l\000i\000n\000g\000\040\000w\000i\000t\000h\000\040\000A\000n\000n\000o\000t\000a\000t\000e\000d\000\040\000N\000o\000i\000s\000e}{part.5}% 115
\BOOKMARK [1][-]{section.13.20}{\376\377\000C\000o\000r\000e\000\040\000A\000r\000c\000h\000i\000t\000e\000c\000t\000u\000r\000e}{chapter*.6}% 116
\BOOKMARK [1][-]{section.13.21}{\376\377\000T\000h\000e\000\040\000A\000n\000n\000o\000t\000a\000t\000e\000d\000\040\000N\000o\000i\000s\000e\000\040\000S\000c\000h\000e\000m\000a}{chapter*.6}% 117
\BOOKMARK [1][-]{section.13.22}{\376\377\000L\000o\000c\000a\000l\000\040\000P\000l\000a\000u\000s\000i\000b\000i\000l\000i\000t\000y\000\040\000v\000e\000r\000s\000u\000s\000\040\000G\000l\000o\000b\000a\000l\000\040\000C\000o\000n\000s\000i\000s\000t\000e\000n\000c\000y}{chapter*.6}% 118
\BOOKMARK [1][-]{section.13.23}{\376\377\000F\000o\000u\000r\000\040\000P\000r\000o\000j\000e\000c\000t\000i\000o\000n\000\040\000M\000o\000d\000e\000s}{chapter*.6}% 119
\BOOKMARK [1][-]{section.13.24}{\376\377\000R\000e\000l\000a\000t\000i\000o\000n\000s\000h\000i\000p\000\040\000t\000o\000\040\000H\000a\000l\000l\000u\000c\000i\000n\000a\000t\000i\000o\000n\000\040\000F\000o\000r\000m\000a\000l\000i\000s\000m}{chapter*.6}% 120
\BOOKMARK [0][-]{chapter*.7}{\376\377\000C\000L\000I\000O\000:\000\040\000C\000o\000n\000s\000t\000r\000a\000i\000n\000t\000-\000L\000e\000v\000e\000r\000a\000g\000e\000d\000\040\000I\000n\000f\000e\000r\000e\000n\000c\000e\000\040\000a\000n\000d\000\040\000O\000p\000t\000i\000m\000i\000z\000a\000t\000i\000o\000n}{part.5}% 121
\BOOKMARK [1][-]{section.13.25}{\376\377\000T\000w\000o\000\040\000V\000e\000r\000s\000i\000o\000n\000s\000\040\000o\000f\000\040\000C\000L\000I\000O}{chapter*.7}% 122
\BOOKMARK [1][-]{section.13.26}{\376\377\000T\000h\000e\000\040\000R\000C\000-\000C\000L\000I\000O\000\040\000S\000p\000e\000c\000i\000f\000i\000c\000a\000t\000i\000o\000n}{chapter*.7}% 123
\BOOKMARK [1][-]{section.13.27}{\376\377\000T\000h\000e\000\040\000C\000o\000r\000r\000i\000g\000i\000b\000i\000l\000i\000t\000y\000\040\000C\000o\000n\000d\000i\000t\000i\000o\000n\000\040\000i\000n\000\040\000R\000C\000-\000C\000L\000I\000O}{chapter*.7}% 124
\BOOKMARK [1][-]{section.13.28}{\376\377\000R\000e\000l\000a\000t\000i\000o\000n\000s\000h\000i\000p\000\040\000t\000o\000\040\000C\000B\000C\000-\000C\000L\000I\000O}{chapter*.7}% 125
\BOOKMARK [0][-]{chapter*.8}{\376\377\000O\000b\000s\000t\000r\000u\000c\000t\000i\000o\000n\000\040\000C\000o\000h\000o\000m\000o\000l\000o\000g\000y\000\040\000a\000n\000d\000\040\000K\000a\000t\000z\000-\000A\000d\000m\000i\000s\000s\000i\000b\000i\000l\000i\000t\000y}{part.5}% 126
\BOOKMARK [1][-]{section.13.29}{\376\377\000T\000h\000e\000\040\000L\000o\000c\000a\000l\000-\000t\000o\000-\000G\000l\000o\000b\000a\000l\000\040\000E\000x\000t\000e\000n\000s\000i\000o\000n\000\040\000P\000r\000o\000b\000l\000e\000m}{chapter*.8}% 127
\BOOKMARK [1][-]{section.13.30}{\376\377\000T\000h\000e\000\040\001\014\000e\000c\000h\000\040\000C\000o\000h\000o\000m\000o\000l\000o\000g\000y\000\040\000C\000o\000n\000s\000t\000r\000u\000c\000t\000i\000o\000n}{chapter*.8}% 128
\BOOKMARK [1][-]{section.13.31}{\376\377\000K\000a\000t\000z\000-\000A\000d\000m\000i\000s\000s\000i\000b\000i\000l\000i\000t\000y\000\040\000R\000e\000v\000i\000s\000i\000t\000e\000d}{chapter*.8}% 129
\BOOKMARK [1][-]{section.13.32}{\376\377\000H\000i\000g\000h\000e\000r\000\040\000O\000b\000s\000t\000r\000u\000c\000t\000i\000o\000n\000s}{chapter*.8}% 130
\BOOKMARK [1][-]{section.13.33}{\376\377\000W\000o\000r\000k\000e\000d\000\040\000E\000x\000a\000m\000p\000l\000e\000:\000\040\000A\000\040\000T\000h\000r\000e\000e\000-\000D\000e\000p\000a\000r\000t\000m\000e\000n\000t\000\040\000I\000n\000s\000t\000i\000t\000u\000t\000i\000o\000n}{chapter*.8}% 131
\BOOKMARK [0][-]{chapter*.9}{\376\377\000J\000u\000a\000r\000r\000e\000r\000o\000\040\000a\000n\000d\000\040\000D\000e\000a\000c\000o\000n\000:\000\040\000F\000r\000a\000m\000e\000w\000o\000r\000k\000\040\000C\000o\000m\000p\000a\000r\000i\000s\000o\000n\000s}{part.5}% 132
\BOOKMARK [1][-]{section.13.34}{\376\377\000J\000u\000a\000r\000r\000e\000r\000o\000:\000\040\000C\000o\000n\000t\000e\000x\000t\000-\000S\000e\000n\000s\000i\000t\000i\000v\000e\000\040\000C\000o\000n\000s\000t\000r\000a\000i\000n\000t\000s}{chapter*.9}% 133
\BOOKMARK [1][-]{section.13.35}{\376\377\000D\000e\000a\000c\000o\000n\000:\000\040\000A\000b\000s\000e\000n\000t\000i\000a\000l\000\040\000O\000r\000g\000a\000n\000i\000z\000a\000t\000i\000o\000n}{chapter*.9}% 134
\BOOKMARK [1][-]{section.13.36}{\376\377\000T\000h\000e\000\040\000C\000o\000n\000s\000t\000r\000a\000i\000n\000t\000-\000F\000i\000n\000a\000l\000\040\000C\000a\000u\000s\000a\000t\000i\000o\000n\000\040\000D\000i\000s\000t\000i\000n\000c\000t\000i\000o\000n}{chapter*.9}% 135
\BOOKMARK [1][-]{section.13.37}{\376\377\000W\000h\000e\000r\000e\000\040\000D\000e\000a\000c\000o\000n\000'\000s\000\040\000F\000r\000a\000m\000e\000w\000o\000r\000k\000\040\000R\000e\000m\000a\000i\000n\000s\000\040\000V\000a\000l\000u\000a\000b\000l\000e}{chapter*.9}% 136
\BOOKMARK [0][-]{chapter*.10}{\376\377\000T\000h\000e\000\040\000S\000t\000o\000n\000e\000\040\000P\000i\000a\000n\000o\000\040\000H\000y\000p\000o\000t\000h\000e\000s\000i\000s\000:\000\040\000A\000n\000\040\000A\000r\000c\000h\000a\000e\000o\000l\000o\000g\000i\000c\000a\000l\000\040\000C\000a\000s\000e\000\040\000S\000t\000u\000d\000y}{part.5}% 137
\BOOKMARK [1][-]{section.13.38}{\376\377\000A\000d\000m\000i\000s\000s\000i\000b\000i\000l\000i\000t\000y\000\040\000F\000i\000l\000t\000e\000r\000i\000n\000g\000\040\000i\000n\000\040\000S\000p\000e\000l\000e\000o\000t\000h\000e\000m\000\040\000S\000e\000l\000e\000c\000t\000i\000o\000n}{chapter*.10}% 138
\BOOKMARK [1][-]{section.13.39}{\376\377\000S\000y\000m\000p\000a\000t\000h\000e\000t\000i\000c\000\040\000R\000e\000s\000o\000n\000a\000n\000c\000e\000\040\000a\000s\000\040\000t\000h\000e\000\040\000C\000o\000r\000r\000i\000g\000i\000b\000i\000l\000i\000t\000y\000\040\000M\000e\000c\000h\000a\000n\000i\000s\000m}{chapter*.10}% 139
\BOOKMARK [1][-]{section.13.40}{\376\377\000T\000h\000e\000\040\000R\000i\000n\000g\000\040\000a\000s\000\040\000S\000t\000i\000g\000m\000e\000r\000g\000i\000c\000\040\000S\000t\000r\000u\000c\000t\000u\000r\000e}{chapter*.10}% 140
\BOOKMARK [1][-]{section.13.41}{\376\377\000E\000s\000t\000i\000m\000a\000t\000e\000d\000\040\000C\000h\000a\000m\000b\000e\000r\000\040\000R\000e\000v\000e\000r\000b\000e\000r\000a\000t\000i\000o\000n}{chapter*.10}% 141
\BOOKMARK [0][-]{chapter*.11}{\376\377\000C\000o\000m\000p\000a\000n\000i\000o\000n\000\040\000D\000o\000c\000u\000m\000e\000n\000t\000\040\000I\000n\000d\000e\000x}{part.5}% 142
\BOOKMARK [0][-]{chapter*.12}{\376\377\000P\000e\000r\000c\000e\000p\000t\000u\000a\000l\000\040\000R\000e\000c\000o\000n\000s\000t\000r\000u\000c\000t\000i\000o\000n\000\040\000a\000n\000d\000\040\000H\000a\000r\000m\000o\000n\000i\000c\000\040\000C\000o\000m\000p\000l\000e\000t\000i\000o\000n}{part.5}% 143
\BOOKMARK [1][-]{section.13.42}{\376\377\000C\000o\000m\000p\000r\000e\000s\000s\000i\000o\000n\000\040\000a\000n\000d\000\040\000t\000h\000e\000\040\000S\000y\000m\000b\000o\000l\000i\000c\000/\000I\000n\000f\000e\000r\000e\000n\000t\000i\000a\000l\000\040\000D\000i\000s\000t\000i\000n\000c\000t\000i\000o\000n}{chapter*.12}% 144
\BOOKMARK [1][-]{section.13.43}{\376\377\000H\000a\000r\000m\000o\000n\000i\000c\000\040\000R\000e\000c\000o\000n\000s\000t\000r\000u\000c\000t\000i\000o\000n\000\040\000a\000s\000\040\000C\000o\000n\000s\000t\000r\000a\000i\000n\000t\000\040\000C\000o\000m\000p\000l\000e\000t\000i\000o\000n}{chapter*.12}% 145
\BOOKMARK [1][-]{section.13.44}{\376\377\000T\000e\000m\000p\000o\000r\000a\000l\000\040\000C\000o\000n\000t\000i\000n\000u\000i\000t\000y\000\040\000a\000n\000d\000\040\000P\000e\000r\000c\000e\000p\000t\000u\000a\000l\000\040\000S\000t\000a\000b\000i\000l\000i\000t\000y}{chapter*.12}% 146
\BOOKMARK [1][-]{section.13.45}{\376\377\000I\000n\000f\000e\000r\000e\000n\000t\000i\000a\000l\000\040\000C\000o\000m\000p\000l\000e\000t\000i\000o\000n\000\040\000i\000n\000\040\000A\000u\000d\000i\000t\000o\000r\000y\000\040\000P\000e\000r\000c\000e\000p\000t\000i\000o\000n}{chapter*.12}% 147
