\BOOKMARK [0][-]{chapter*.1}{\376\377\000A\000b\000s\000t\000r\000a\000c\000t}{}% 1
\BOOKMARK [0][-]{chapter.1}{\376\377\000I\000n\000t\000r\000o\000d\000u\000c\000t\000i\000o\000n}{}% 2
\BOOKMARK [1][-]{section.1.1}{\376\377\000T\000h\000e\000\040\000S\000y\000m\000b\000o\000l\000i\000c\000\040\000P\000a\000r\000a\000d\000i\000g\000m\000\040\000a\000n\000d\000\040\000I\000t\000s\000\040\000L\000i\000m\000i\000t\000a\000t\000i\000o\000n\000s}{chapter.1}% 3
\BOOKMARK [1][-]{section.1.2}{\376\377\000T\000o\000w\000a\000r\000d\000\040\000a\000\040\000P\000r\000o\000c\000e\000s\000s\000-\000C\000e\000n\000t\000e\000r\000e\000d\000\040\000G\000e\000o\000m\000e\000t\000r\000i\000c\000\040\000O\000n\000t\000o\000l\000o\000g\000y}{chapter.1}% 4
\BOOKMARK [1][-]{section.1.3}{\376\377\000O\000v\000e\000r\000v\000i\000e\000w\000\040\000o\000f\000\040\000t\000h\000e\000\040\000M\000o\000n\000o\000g\000r\000a\000p\000h}{chapter.1}% 5
\BOOKMARK [0][-]{chapter.2}{\376\377\000R\000S\000V\000P\000\040\000a\000s\000\040\000a\000n\000\040\000O\000n\000t\000o\000l\000o\000g\000y\000\040\000o\000f\000\040\000A\000d\000m\000i\000s\000s\000i\000b\000l\000e\000\040\000F\000i\000e\000l\000d\000s}{}% 6
\BOOKMARK [1][-]{section.2.1}{\376\377\000T\000h\000e\000\040\000F\000i\000e\000l\000d\000\040\000T\000r\000i\000p\000l\000e}{chapter.2}% 7
\BOOKMARK [1][-]{section.2.2}{\376\377\000T\000h\000e\000\040\000R\000S\000V\000P\000\040\000F\000i\000e\000l\000d\000\040\000E\000q\000u\000a\000t\000i\000o\000n\000s}{chapter.2}% 8
\BOOKMARK [1][-]{section.2.3}{\376\377\000T\000h\000e\000\040\000P\000r\000o\000j\000e\000c\000t\000i\000o\000n\000\040\000F\000o\000r\000m\000a\000l\000i\000s\000m}{chapter.2}% 9
\BOOKMARK [1][-]{section.2.4}{\376\377\000M\000e\000t\000a\000s\000t\000a\000b\000i\000l\000i\000t\000y\000\040\000a\000n\000d\000\040\000A\000d\000m\000i\000s\000s\000i\000b\000i\000l\000i\000t\000y\000\040\000B\000a\000s\000i\000n\000s}{chapter.2}% 10
\BOOKMARK [0][-]{chapter.3}{\376\377\000S\000t\000r\000a\000t\000i\000f\000i\000e\000d\000\040\000S\000e\000m\000a\000n\000t\000i\000c\000\040\000M\000a\000n\000i\000f\000o\000l\000d\000s}{}% 11
\BOOKMARK [1][-]{section.3.1}{\376\377\000W\000h\000i\000t\000n\000e\000y\000\040\000S\000t\000r\000a\000t\000i\000f\000i\000c\000a\000t\000i\000o\000n}{chapter.3}% 12
\BOOKMARK [1][-]{section.3.2}{\376\377\000T\000a\000n\000g\000e\000n\000t\000-\000C\000o\000n\000s\000t\000r\000a\000i\000n\000e\000d\000\040\000O\000p\000t\000i\000m\000i\000z\000a\000t\000i\000o\000n}{chapter.3}% 13
\BOOKMARK [1][-]{section.3.3}{\376\377\000S\000e\000m\000a\000n\000t\000i\000c\000\040\000P\000h\000a\000s\000e\000\040\000T\000r\000a\000n\000s\000i\000t\000i\000o\000n\000s}{chapter.3}% 14
\BOOKMARK [1][-]{section.3.4}{\376\377\000T\000h\000e\000\040\000R\000i\000e\000m\000a\000n\000n\000i\000a\000n\000\040\000M\000e\000t\000r\000i\000c\000\040\000a\000n\000d\000\040\000S\000e\000m\000a\000n\000t\000i\000c\000\040\000D\000i\000s\000t\000a\000n\000c\000e}{chapter.3}% 15
\BOOKMARK [0][-]{chapter.4}{\376\377\000H\000Y\000D\000R\000A\000\040\000a\000s\000\040\000a\000\040\000C\000o\000m\000p\000o\000s\000i\000t\000i\000o\000n\000a\000l\000\040\000G\000e\000o\000m\000e\000t\000r\000i\000c\000\040\000A\000r\000c\000h\000i\000t\000e\000c\000t\000u\000r\000e}{}% 16
\BOOKMARK [1][-]{section.4.1}{\376\377\000T\000h\000e\000\040\000C\000o\000m\000p\000o\000s\000i\000t\000i\000o\000n\000\040\000L\000a\000w}{chapter.4}% 17
\BOOKMARK [1][-]{section.4.2}{\376\377\000A\000d\000m\000i\000s\000s\000i\000b\000i\000l\000i\000t\000y\000\040\000P\000r\000e\000s\000e\000r\000v\000a\000t\000i\000o\000n\000\040\000a\000t\000\040\000E\000a\000c\000h\000\040\000L\000a\000y\000e\000r}{chapter.4}% 18
\BOOKMARK [1][-]{section.4.3}{\376\377\000T\000h\000e\000\040\000T\000A\000R\000T\000A\000N\000\040\000T\000i\000l\000i\000n\000g\000\040\000O\000p\000e\000r\000a\000t\000o\000r\000\040\000i\000n\000\040\000D\000e\000t\000a\000i\000l}{chapter.4}% 19
\BOOKMARK [1][-]{section.4.4}{\376\377\000T\000h\000e\000\040\000M\000e\000m\000o\000r\000y\000\040\000O\000p\000e\000r\000a\000t\000o\000r\000\040\000a\000n\000d\000\040\000L\000a\000t\000e\000n\000t\000\040\000C\000a\000u\000s\000a\000l\000\040\000T\000r\000a\000j\000e\000c\000t\000o\000r\000i\000e\000s}{chapter.4}% 20
\BOOKMARK [0][-]{chapter.5}{\376\377\000S\000h\000e\000a\000f\000-\000T\000h\000e\000o\000r\000e\000t\000i\000c\000\040\000S\000e\000m\000a\000n\000t\000i\000c\000s}{}% 21
\BOOKMARK [1][-]{section.5.1}{\376\377\000T\000h\000e\000\040\000C\000a\000t\000e\000g\000o\000r\000y\000\040\000o\000f\000\040\000C\000o\000n\000t\000e\000x\000t\000s}{chapter.5}% 22
\BOOKMARK [1][-]{section.5.2}{\376\377\000T\000h\000e\000\040\000S\000h\000e\000a\000f\000\040\000C\000o\000n\000d\000i\000t\000i\000o\000n\000\040\000a\000n\000d\000\040\000S\000e\000m\000a\000n\000t\000i\000c\000\040\000C\000o\000h\000e\000r\000e\000n\000c\000e}{chapter.5}% 23
\BOOKMARK [1][-]{section.5.3}{\376\377\000G\000l\000o\000b\000a\000l\000\040\000S\000e\000c\000t\000i\000o\000n\000s\000\040\000a\000s\000\040\000C\000o\000h\000e\000r\000e\000n\000t\000\040\000I\000n\000t\000e\000r\000p\000r\000e\000t\000a\000t\000i\000o\000n\000s}{chapter.5}% 24
\BOOKMARK [1][-]{section.5.4}{\376\377\001\014\000e\000c\000h\000\040\000C\000o\000h\000o\000m\000o\000l\000o\000g\000y\000\040\000a\000n\000d\000\040\000t\000h\000e\000\040\000M\000e\000a\000s\000u\000r\000e\000\040\000o\000f\000\040\000S\000e\000m\000a\000n\000t\000i\000c\000\040\000I\000n\000c\000o\000n\000s\000i\000s\000t\000e\000n\000c\000y}{chapter.5}% 25
\BOOKMARK [0][-]{chapter.6}{\376\377\000M\000e\000m\000o\000r\000y\000\040\000a\000s\000\040\000S\000t\000a\000b\000i\000l\000i\000z\000e\000d\000\040\000F\000i\000e\000l\000d\000\040\000R\000e\000s\000i\000d\000u\000e}{}% 26
\BOOKMARK [1][-]{section.6.1}{\376\377\000T\000h\000e\000\040\000F\000i\000e\000l\000d\000-\000T\000h\000e\000o\000r\000e\000t\000i\000c\000\040\000A\000c\000c\000o\000u\000n\000t\000\040\000o\000f\000\040\000M\000e\000m\000o\000r\000y}{chapter.6}% 27
\BOOKMARK [1][-]{section.6.2}{\376\377\000M\000e\000m\000o\000r\000y\000\040\000P\000e\000r\000s\000i\000s\000t\000e\000n\000c\000e\000\040\000a\000n\000d\000\040\000L\000y\000a\000p\000u\000n\000o\000v\000\040\000A\000n\000a\000l\000y\000s\000i\000s}{chapter.6}% 28
\BOOKMARK [1][-]{section.6.3}{\376\377\000R\000e\000t\000r\000i\000e\000v\000a\000l\000\040\000a\000s\000\040\000R\000e\000s\000o\000n\000a\000n\000c\000e\000\040\000R\000e\000c\000o\000n\000s\000t\000r\000u\000c\000t\000i\000o\000n}{chapter.6}% 29
\BOOKMARK [1][-]{section.6.4}{\376\377\000G\000e\000n\000e\000r\000a\000l\000i\000z\000e\000d\000\040\000M\000e\000m\000o\000i\000z\000a\000t\000i\000o\000n\000\040\000a\000n\000d\000\040\000D\000y\000n\000a\000m\000i\000c\000\040\000P\000r\000o\000g\000r\000a\000m\000m\000i\000n\000g}{chapter.6}% 30
\BOOKMARK [1][-]{section.6.5}{\376\377\000R\000e\000c\000u\000r\000s\000i\000v\000e\000\040\000A\000d\000m\000i\000s\000s\000i\000b\000i\000l\000i\000t\000y\000\040\000a\000n\000d\000\040\000t\000h\000e\000\040\000H\000i\000d\000d\000e\000n\000\040\000G\000e\000o\000m\000e\000t\000r\000y\000\040\000o\000f\000\040\000O\000p\000t\000i\000m\000i\000z\000a\000t\000i\000o\000n}{chapter.6}% 31
\BOOKMARK [1][-]{section.6.6}{\376\377\000M\000e\000m\000o\000i\000z\000a\000t\000i\000o\000n\000\040\000a\000s\000\040\000C\000i\000v\000i\000l\000i\000z\000a\000t\000i\000o\000n\000a\000l\000\040\000I\000n\000f\000r\000a\000s\000t\000r\000u\000c\000t\000u\000r\000e}{chapter.6}% 32
\BOOKMARK [1][-]{section.6.7}{\376\377\000O\000r\000i\000e\000n\000t\000a\000t\000i\000o\000n\000\040\000F\000i\000e\000l\000d\000s\000\040\000a\000n\000d\000\040\000D\000i\000s\000t\000r\000i\000b\000u\000t\000e\000d\000\040\000S\000e\000m\000a\000n\000t\000i\000c\000\040\000S\000t\000r\000u\000c\000t\000u\000r\000e}{chapter.6}% 33
\BOOKMARK [0][-]{chapter.7}{\376\377\000C\000a\000t\000e\000g\000o\000r\000y\000\040\000T\000h\000e\000o\000r\000y\000\040\000a\000n\000d\000\040\000A\000d\000m\000i\000s\000s\000i\000b\000l\000e\000\040\000C\000o\000m\000p\000u\000t\000a\000t\000i\000o\000n}{}% 34
\BOOKMARK [1][-]{section.7.1}{\376\377\000T\000h\000e\000\040\000C\000a\000t\000e\000g\000o\000r\000y\000\040\000o\000f\000\040\000A\000d\000m\000i\000s\000s\000i\000b\000l\000e\000\040\000S\000t\000a\000t\000e\000s}{chapter.7}% 35
\BOOKMARK [1][-]{section.7.2}{\376\377\000F\000u\000n\000c\000t\000o\000r\000i\000a\000l\000\040\000R\000e\000p\000r\000e\000s\000e\000n\000t\000a\000t\000i\000o\000n\000\040\000o\000f\000\040\000H\000Y\000D\000R\000A\000\040\000C\000o\000m\000p\000o\000n\000e\000n\000t\000s}{chapter.7}% 36
\BOOKMARK [1][-]{section.7.3}{\376\377\000N\000a\000t\000u\000r\000a\000l\000\040\000T\000r\000a\000n\000s\000f\000o\000r\000m\000a\000t\000i\000o\000n\000s\000\040\000a\000s\000\040\000R\000e\000a\000s\000o\000n\000i\000n\000g\000\040\000R\000e\000g\000i\000m\000e\000\040\000C\000h\000a\000n\000g\000e\000s}{chapter.7}% 37
\BOOKMARK [1][-]{section.7.4}{\376\377\000M\000o\000n\000o\000i\000d\000a\000l\000\040\000S\000t\000r\000u\000c\000t\000u\000r\000e\000\040\000a\000n\000d\000\040\000S\000e\000m\000a\000n\000t\000i\000c\000\040\000C\000o\000m\000p\000o\000s\000i\000t\000i\000o\000n}{chapter.7}% 38
\BOOKMARK [0][-]{chapter.8}{\376\377\000T\000o\000w\000a\000r\000d\000\040\000a\000\040\000G\000e\000o\000m\000e\000t\000r\000y\000\040\000o\000f\000\040\000I\000n\000t\000e\000l\000l\000i\000g\000e\000n\000c\000e}{}% 39
\BOOKMARK [1][-]{section.8.1}{\376\377\000T\000h\000e\000\040\000F\000o\000r\000m\000a\000l\000\040\000D\000e\000f\000i\000n\000i\000t\000i\000o\000n\000\040\000o\000f\000\040\000C\000o\000h\000e\000r\000e\000n\000t\000\040\000A\000g\000e\000n\000c\000y}{chapter.8}% 40
\BOOKMARK [1][-]{section.8.2}{\376\377\000I\000n\000t\000e\000l\000l\000i\000g\000e\000n\000c\000e\000\040\000a\000s\000\040\000R\000e\000c\000u\000r\000s\000i\000v\000e\000\040\000A\000d\000m\000i\000s\000s\000i\000b\000i\000l\000i\000t\000y\000\040\000P\000r\000e\000s\000e\000r\000v\000a\000t\000i\000o\000n}{chapter.8}% 41
\BOOKMARK [1][-]{section.8.3}{\376\377\000T\000h\000e\000\040\000G\000e\000o\000m\000e\000t\000r\000y\000-\000I\000n\000t\000e\000l\000l\000i\000g\000e\000n\000c\000e\000\040\000C\000o\000r\000r\000e\000s\000p\000o\000n\000d\000e\000n\000c\000e}{chapter.8}% 42
\BOOKMARK [1][-]{section.8.4}{\376\377\000T\000o\000w\000a\000r\000d\000\040\000a\000\040\000S\000e\000m\000a\000n\000t\000i\000c\000\040\000P\000h\000y\000s\000i\000c\000s}{chapter.8}% 43
\BOOKMARK [0][-]{chapter.9}{\376\377\000S\000e\000m\000a\000n\000t\000i\000c\000\040\000F\000i\000b\000e\000r\000s\000,\000\040\000E\000q\000u\000i\000v\000a\000l\000e\000n\000c\000e\000\040\000C\000l\000a\000s\000s\000e\000s\000,\000\040\000a\000n\000d\000\040\000t\000h\000e\000\040\000G\000e\000o\000m\000e\000t\000r\000y\000\040\000o\000f\000\040\000M\000e\000a\000n\000i\000n\000g}{}% 44
\BOOKMARK [1][-]{section.9.1}{\376\377\000T\000h\000e\000\040\000R\000e\000a\000l\000i\000z\000a\000t\000i\000o\000n\000\040\000M\000a\000p\000\040\000a\000n\000d\000\040\000S\000e\000m\000a\000n\000t\000i\000c\000\040\000E\000q\000u\000i\000v\000a\000l\000e\000n\000c\000e}{chapter.9}% 45
\BOOKMARK [1][-]{section.9.2}{\376\377\000A\000d\000m\000i\000s\000s\000i\000b\000i\000l\000i\000t\000y\000-\000P\000r\000e\000s\000e\000r\000v\000i\000n\000g\000\040\000R\000e\000p\000a\000r\000a\000m\000e\000t\000e\000r\000i\000z\000a\000t\000i\000o\000n}{chapter.9}% 46
\BOOKMARK [1][-]{section.9.3}{\376\377\000T\000h\000e\000\040\000O\000n\000t\000o\000l\000o\000g\000i\000c\000a\000l\000\040\000C\000o\000m\000p\000r\000e\000s\000s\000i\000o\000n\000\040\000F\000u\000n\000n\000e\000l}{chapter.9}% 47
\BOOKMARK [1][-]{section.9.4}{\376\377\000E\000n\000t\000r\000o\000p\000y\000\040\000a\000s\000\040\000A\000d\000m\000i\000s\000s\000i\000b\000l\000e\000\040\000F\000u\000t\000u\000r\000e\000\040\000V\000o\000l\000u\000m\000e}{chapter.9}% 48
\BOOKMARK [1][-]{section.9.5}{\376\377\000P\000r\000o\000j\000e\000c\000t\000i\000o\000n\000\040\000C\000o\000l\000l\000a\000p\000s\000e\000\040\000a\000n\000d\000\040\000t\000h\000e\000\040\000P\000a\000t\000h\000o\000l\000o\000g\000y\000\040\000o\000f\000\040\000M\000i\000s\000t\000a\000k\000e\000n\000\040\000M\000a\000p\000s}{chapter.9}% 49
\BOOKMARK [0][-]{chapter.10}{\376\377\000F\000o\000r\000m\000a\000l\000\040\000G\000r\000a\000m\000m\000a\000r\000\040\000a\000n\000d\000\040\000D\000e\000p\000e\000n\000d\000e\000n\000t\000\040\000T\000y\000p\000e\000s\000\040\000o\000f\000\040\000H\000Y\000D\000R\000A}{}% 50
\BOOKMARK [1][-]{section.10.1}{\376\377\000H\000Y\000D\000R\000A\000\040\000a\000s\000\040\000a\000\040\000C\000o\000m\000p\000o\000s\000i\000t\000i\000o\000n\000a\000l\000\040\000F\000o\000r\000m\000a\000l\000\040\000S\000y\000s\000t\000e\000m}{chapter.10}% 51
\BOOKMARK [1][-]{section.10.2}{\376\377\000D\000e\000p\000e\000n\000d\000e\000n\000t\000\040\000T\000y\000p\000e\000\040\000T\000h\000e\000o\000r\000y\000\040\000o\000f\000\040\000H\000Y\000D\000R\000A}{chapter.10}% 52
\BOOKMARK [1][-]{section.10.3}{\376\377\000S\000t\000a\000c\000k\000-\000T\000h\000e\000o\000r\000e\000t\000i\000c\000\040\000E\000x\000t\000e\000n\000s\000i\000o\000n\000\040\000f\000o\000r\000\040\000A\000m\000b\000i\000g\000u\000o\000u\000s\000\040\000C\000o\000g\000n\000i\000t\000i\000o\000n}{chapter.10}% 53
\BOOKMARK [0][-]{chapter.11}{\376\377\000E\000n\000g\000i\000n\000e\000e\000r\000i\000n\000g\000\040\000R\000e\000a\000l\000i\000z\000a\000t\000i\000o\000n\000s\000\040\000o\000f\000\040\000A\000d\000m\000i\000s\000s\000i\000b\000l\000e\000\040\000C\000o\000m\000p\000u\000t\000a\000t\000i\000o\000n}{}% 54
\BOOKMARK [1][-]{section.11.1}{\376\377\000T\000h\000e\000\040\000T\000h\000e\000o\000r\000y\000-\000R\000e\000a\000l\000i\000z\000a\000t\000i\000o\000n\000\040\000R\000e\000l\000a\000t\000i\000o\000n\000s\000h\000i\000p}{chapter.11}% 55
\BOOKMARK [1][-]{section.11.2}{\376\377\000M\000a\000r\000i\000n\000e\000:\000\040\000T\000h\000e\000\040\000A\000d\000m\000i\000s\000s\000i\000b\000i\000l\000i\000t\000y\000\040\000G\000a\000t\000e}{chapter.11}% 56
\BOOKMARK [1][-]{section.11.3}{\376\377\000M\000E\000M\000|\0008\000:\000\040\000W\000a\000v\000e\000-\000M\000e\000c\000h\000a\000n\000i\000c\000a\000l\000\040\000M\000e\000m\000o\000r\000y\000\040\000a\000s\000\040\000S\000t\000a\000b\000i\000l\000i\000z\000e\000d\000\040\000F\000i\000e\000l\000d\000\040\000R\000e\000s\000i\000d\000u\000e}{chapter.11}% 57
\BOOKMARK [1][-]{section.11.4}{\376\377\000T\000h\000e\000\040\000P\000h\000o\000e\000n\000i\000x\000\040\000P\000r\000o\000t\000o\000c\000o\000l\000:\000\040\000E\000n\000t\000r\000o\000p\000y\000-\000R\000e\000s\000i\000s\000t\000a\000n\000t\000\040\000R\000e\000c\000o\000n\000s\000t\000r\000u\000c\000t\000i\000o\000n}{chapter.11}% 58
\BOOKMARK [1][-]{section.11.5}{\376\377\000A\000y\000e\000O\000S\000:\000\040\000D\000i\000s\000t\000r\000i\000b\000u\000t\000e\000d\000\040\000S\000e\000m\000a\000n\000t\000i\000c\000\040\000O\000r\000c\000h\000e\000s\000t\000r\000a\000t\000i\000o\000n}{chapter.11}% 59
\BOOKMARK [1][-]{section.11.6}{\376\377\000S\000u\000b\000s\000t\000r\000a\000t\000e\000\040\000I\000n\000d\000e\000p\000e\000n\000d\000e\000n\000c\000e\000\040\000a\000n\000d\000\040\000t\000h\000e\000\040\000A\000d\000m\000i\000s\000s\000i\000b\000i\000l\000i\000t\000y\000\040\000L\000a\000n\000d\000s\000c\000a\000p\000e}{chapter.11}% 60
\BOOKMARK [0][-]{chapter.12}{\376\377\000U\000n\000i\000f\000i\000e\000d\000\040\000S\000e\000m\000a\000n\000t\000i\000c\000\040\000P\000h\000y\000s\000i\000c\000s}{}% 61
\BOOKMARK [1][-]{section.12.1}{\376\377\000T\000h\000e\000\040\000P\000r\000o\000g\000r\000a\000m\000\040\000o\000f\000\040\000a\000\040\000S\000e\000m\000a\000n\000t\000i\000c\000\040\000P\000h\000y\000s\000i\000c\000s}{chapter.12}% 62
\BOOKMARK [1][-]{section.12.2}{\376\377\000R\000e\000c\000u\000r\000r\000i\000n\000g\000\040\000S\000t\000r\000u\000c\000t\000u\000r\000a\000l\000\040\000T\000r\000a\000n\000s\000f\000o\000r\000m\000a\000t\000i\000o\000n\000s}{chapter.12}% 63
\BOOKMARK [1][-]{section.12.3}{\376\377\000T\000h\000e\000\040\000M\000e\000t\000a\000-\000P\000r\000o\000j\000e\000c\000t\000:\000\040\000F\000r\000o\000m\000\040\000O\000b\000j\000e\000c\000t\000\040\000O\000n\000t\000o\000l\000o\000g\000y\000\040\000t\000o\000\040\000P\000r\000o\000c\000e\000s\000s\000\040\000T\000o\000p\000o\000l\000o\000g\000y}{chapter.12}% 64
\BOOKMARK [1][-]{section.12.4}{\376\377\000P\000r\000e\000d\000i\000c\000t\000i\000o\000n\000\040\000o\000f\000\040\000I\000m\000p\000l\000e\000m\000e\000n\000t\000a\000t\000i\000o\000n\000\040\000D\000i\000v\000e\000r\000s\000i\000t\000y}{chapter.12}% 65
\BOOKMARK [0][-]{chapter.13}{\376\377\000C\000o\000n\000c\000l\000u\000s\000i\000o\000n}{}% 66
\BOOKMARK [1][-]{section.13.1}{\376\377\000S\000u\000m\000m\000a\000r\000y\000\040\000o\000f\000\040\000t\000h\000e\000\040\000F\000r\000a\000m\000e\000w\000o\000r\000k}{chapter.13}% 67
\BOOKMARK [1][-]{section.13.2}{\376\377\000O\000p\000e\000n\000\040\000P\000r\000o\000b\000l\000e\000m\000s}{chapter.13}% 68
\BOOKMARK [1][-]{section.13.3}{\376\377\000C\000l\000o\000s\000i\000n\000g\000\040\000R\000e\000m\000a\000r\000k\000s}{chapter.13}% 69
