\BOOKMARK [1][-]{section.1}{\376\377\000I\000n\000t\000r\000o\000d\000u\000c\000t\000i\000o\000n}{}% 1
\BOOKMARK [1][-]{section.2}{\376\377\000W\000h\000i\000t\000e\000h\000e\000a\000d\000i\000a\000n\000\040\000O\000c\000c\000a\000s\000i\000o\000n\000s\000\040\000a\000s\000\040\000L\000o\000c\000a\000l\000\040\000C\000o\000n\000c\000r\000e\000s\000c\000e\000n\000c\000e\000s}{}% 2
\BOOKMARK [1][-]{section.3}{\376\377\000F\000r\000o\000m\000\040\000C\000o\000n\000c\000r\000e\000s\000c\000e\000n\000c\000e\000\040\000t\000o\000\040\000R\000S\000V\000P\000\040\000F\000i\000e\000l\000d\000\040\000D\000y\000n\000a\000m\000i\000c\000s}{}% 3
\BOOKMARK [1][-]{section.4}{\376\377\000P\000e\000r\000s\000i\000s\000t\000e\000n\000c\000e\000\040\000a\000s\000\040\000R\000e\000c\000u\000r\000s\000i\000v\000e\000\040\000S\000t\000a\000b\000i\000l\000i\000z\000a\000t\000i\000o\000n}{}% 4
\BOOKMARK [1][-]{section.5}{\376\377\000E\000n\000t\000r\000o\000p\000y\000-\000A\000c\000c\000e\000s\000s\000i\000b\000i\000l\000i\000t\000y\000\040\000a\000n\000d\000\040\000t\000h\000e\000\040\000G\000e\000o\000m\000e\000t\000r\000y\000\040\000o\000f\000\040\000P\000o\000s\000s\000i\000b\000l\000e\000\040\000F\000u\000t\000u\000r\000e\000s}{}% 5
\BOOKMARK [1][-]{section.6}{\376\377\000C\000L\000I\000O\000\040\000a\000n\000d\000\040\000t\000h\000e\000\040\000P\000r\000o\000j\000e\000c\000t\000i\000o\000n\000\040\000o\000f\000\040\000P\000r\000o\000c\000e\000s\000s}{}% 6
\BOOKMARK [1][-]{section.7}{\376\377\000W\000a\000v\000e\000\040\000S\000t\000r\000u\000c\000t\000u\000r\000e\000\040\000a\000s\000\040\000a\000\040\000S\000p\000e\000c\000i\000a\000l\000\040\000C\000a\000s\000e\000\040\000o\000f\000\040\000P\000r\000o\000c\000e\000s\000s\000\040\000S\000t\000a\000b\000i\000l\000i\000z\000a\000t\000i\000o\000n}{}% 7
\BOOKMARK [1][-]{section.8}{\376\377\000L\000o\000r\000e\000n\000t\000z\000-\000L\000i\000k\000e\000\040\000S\000c\000a\000l\000i\000n\000g\000\040\000a\000n\000d\000\040\000t\000h\000e\000\040\000O\000p\000e\000n\000\040\000P\000r\000o\000b\000l\000e\000m\000\040\000o\000f\000\040\000A\000c\000c\000e\000s\000s\000i\000b\000i\000l\000i\000t\000y\000\040\000S\000i\000g\000n\000a\000t\000u\000r\000e}{}% 8
\BOOKMARK [1][-]{section.9}{\376\377\000M\000E\000M\000|\0008\000\040\000a\000s\000\040\000C\000o\000m\000p\000u\000t\000a\000t\000i\000o\000n\000a\000l\000\040\000P\000r\000o\000c\000e\000s\000s\000\040\000O\000n\000t\000o\000l\000o\000g\000y}{}% 9
\BOOKMARK [1][-]{section.10}{\376\377\000W\000h\000i\000t\000e\000h\000e\000a\000d\000i\000a\000n\000\040\000A\000b\000s\000t\000r\000a\000c\000t\000i\000o\000n\000\040\000a\000n\000d\000\040\000P\000r\000o\000j\000e\000c\000t\000i\000o\000n\000\040\000E\000r\000r\000o\000r}{}% 10
\BOOKMARK [1][-]{section.11}{\376\377\000C\000o\000n\000s\000t\000r\000a\000i\000n\000e\000d\000\040\000N\000o\000v\000e\000l\000t\000y\000\040\000a\000n\000d\000\040\000C\000r\000e\000a\000t\000i\000v\000e\000\040\000A\000d\000v\000a\000n\000c\000e}{}% 11
\BOOKMARK [1][-]{section.12}{\376\377\000M\000e\000t\000a\000s\000t\000a\000b\000i\000l\000i\000t\000y\000,\000\040\000P\000r\000e\000i\000n\000d\000i\000v\000i\000d\000u\000a\000l\000\040\000F\000i\000e\000l\000d\000s\000,\000\040\000a\000n\000d\000\040\000t\000h\000e\000\040\000L\000i\000m\000i\000t\000s\000\040\000o\000f\000\040\000S\000t\000a\000b\000i\000l\000i\000z\000a\000t\000i\000o\000n}{}% 12
\BOOKMARK [1][-]{section.13}{\376\377\000C\000o\000n\000c\000l\000u\000s\000i\000o\000n}{}% 13
\BOOKMARK [1][-]{appendix.A}{\376\377\000F\000u\000n\000c\000t\000i\000o\000n\000a\000l\000\040\000A\000n\000a\000l\000y\000t\000i\000c\000\040\000F\000o\000u\000n\000d\000a\000t\000i\000o\000n\000s\000\040\000o\000f\000\040\000R\000S\000V\000P\000\040\000F\000i\000e\000l\000d\000\040\000D\000y\000n\000a\000m\000i\000c\000s}{}% 14
\BOOKMARK [1][-]{appendix.B}{\376\377\000A\000c\000c\000e\000s\000s\000i\000b\000i\000l\000i\000t\000y\000\040\000G\000e\000o\000m\000e\000t\000r\000y\000\040\000a\000n\000d\000\040\000E\000n\000t\000r\000o\000p\000i\000c\000\040\000T\000r\000a\000j\000e\000c\000t\000o\000r\000y\000\040\000V\000o\000l\000u\000m\000e}{}% 15
\BOOKMARK [1][-]{appendix.C}{\376\377\000P\000r\000o\000j\000e\000c\000t\000i\000o\000n\000\040\000T\000h\000e\000o\000r\000y\000\040\000a\000n\000d\000\040\000C\000L\000I\000O\000\040\000F\000i\000b\000e\000r\000\040\000G\000e\000o\000m\000e\000t\000r\000y}{}% 16
\BOOKMARK [1][-]{appendix.D}{\376\377\000S\000t\000a\000n\000d\000i\000n\000g\000-\000W\000a\000v\000e\000\040\000M\000a\000t\000t\000e\000r\000\040\000a\000n\000d\000\040\000S\000t\000a\000b\000i\000l\000i\000t\000y\000\040\000A\000n\000a\000l\000y\000s\000i\000s}{}% 17
\BOOKMARK [1][-]{appendix.E}{\376\377\000L\000o\000r\000e\000n\000t\000z\000\040\000S\000t\000r\000u\000c\000t\000u\000r\000e\000\040\000f\000r\000o\000m\000\040\000S\000y\000m\000m\000e\000t\000r\000i\000c\000\040\000P\000r\000o\000p\000a\000g\000a\000t\000i\000v\000e\000\040\000C\000o\000n\000s\000t\000r\000a\000i\000n\000t\000s}{}% 18
\BOOKMARK [1][-]{appendix.F}{\376\377\000M\000E\000M\000|\0008\000\040\000O\000s\000c\000i\000l\000l\000a\000t\000o\000r\000y\000\040\000C\000o\000h\000e\000r\000e\000n\000c\000e\000\040\000N\000e\000t\000w\000o\000r\000k\000s}{}% 19
\BOOKMARK [1][-]{appendix.G}{\376\377\000C\000a\000t\000e\000g\000o\000r\000y\000-\000T\000h\000e\000o\000r\000e\000t\000i\000c\000\040\000R\000e\000f\000o\000r\000m\000u\000l\000a\000t\000i\000o\000n}{}% 20
\BOOKMARK [1][-]{appendix.H}{\376\377\000R\000e\000c\000u\000r\000s\000i\000v\000e\000\040\000C\000o\000n\000c\000r\000e\000s\000c\000e\000n\000c\000e\000\040\000a\000n\000d\000\040\000F\000i\000x\000e\000d\000-\000P\000o\000i\000n\000t\000\040\000E\000x\000i\000s\000t\000e\000n\000c\000e}{}% 21
\BOOKMARK [1][-]{appendix.I}{\376\377\000S\000p\000e\000c\000t\000r\000a\000l\000\040\000G\000e\000o\000m\000e\000t\000r\000y\000\040\000o\000f\000\040\000P\000e\000r\000s\000i\000s\000t\000e\000n\000t\000\040\000S\000t\000r\000u\000c\000t\000u\000r\000e\000s}{}% 22
